CRITICAL - 2022-12-04 22:56:03 --> Undefined array key "village_code"
in APPPATH\Controllers\MigrateController.php on line 36.
 1 APPPATH\Controllers\MigrateController.php(36): CodeIgniter\Debug\Exceptions->errorHandler(2, 'Undefined array key "village_code"', 'APPPATH\\Controllers\\MigrateController.php', 36)
 2 SYSTEMPATH\CodeIgniter.php(927): App\Controllers\MigrateController->index()
 3 SYSTEMPATH\CodeIgniter.php(482): CodeIgniter\CodeIgniter->runController(Object(App\Controllers\MigrateController))
 4 SYSTEMPATH\CodeIgniter.php(351): CodeIgniter\CodeIgniter->handleRequest(null, Object(Config\Cache), false)
 5 FCPATH\index.php(67): CodeIgniter\CodeIgniter->run()
 6 SYSTEMPATH\Commands\Server\rewrite.php(46): require_once('FCPATH\\index.php')
CRITICAL - 2022-12-04 23:02:01 --> Attempt to read property "village_code" on array
in APPPATH\Controllers\MigrateController.php on line 36.
 1 APPPATH\Controllers\MigrateController.php(36): CodeIgniter\Debug\Exceptions->errorHandler(2, 'Attempt to read property "village_code" on array', 'APPPATH\\Controllers\\MigrateController.php', 36)
 2 SYSTEMPATH\CodeIgniter.php(927): App\Controllers\MigrateController->index()
 3 SYSTEMPATH\CodeIgniter.php(482): CodeIgniter\CodeIgniter->runController(Object(App\Controllers\MigrateController))
 4 SYSTEMPATH\CodeIgniter.php(351): CodeIgniter\CodeIgniter->handleRequest(null, Object(Config\Cache), false)
 5 FCPATH\index.php(67): CodeIgniter\CodeIgniter->run()
 6 SYSTEMPATH\Commands\Server\rewrite.php(46): require_once('FCPATH\\index.php')
CRITICAL - 2022-12-04 23:02:11 --> Undefined array key "village_code"
in APPPATH\Controllers\MigrateController.php on line 36.
 1 APPPATH\Controllers\MigrateController.php(36): CodeIgniter\Debug\Exceptions->errorHandler(2, 'Undefined array key "village_code"', 'APPPATH\\Controllers\\MigrateController.php', 36)
 2 SYSTEMPATH\CodeIgniter.php(927): App\Controllers\MigrateController->index()
 3 SYSTEMPATH\CodeIgniter.php(482): CodeIgniter\CodeIgniter->runController(Object(App\Controllers\MigrateController))
 4 SYSTEMPATH\CodeIgniter.php(351): CodeIgniter\CodeIgniter->handleRequest(null, Object(Config\Cache), false)
 5 FCPATH\index.php(67): CodeIgniter\CodeIgniter->run()
 6 SYSTEMPATH\Commands\Server\rewrite.php(46): require_once('FCPATH\\index.php')
