CRITICAL - 2022-12-05 01:46:27 --> Allowed fields must be specified for model: App\Models\ShgProfile
in SYSTEMPATH\BaseModel.php on line 1160.
 1 SYSTEMPATH\BaseModel.php(1160): CodeIgniter\Database\Exceptions\DataException::forInvalidAllowedFields('App\\Models\\ShgProfile')
 2 SYSTEMPATH\BaseModel.php(862): CodeIgniter\BaseModel->doProtectFields([...])
 3 SYSTEMPATH\Model.php(693): CodeIgniter\BaseModel->update([...], [...])
 4 APPPATH\Controllers\MigrateController.php(52): CodeIgniter\Model->update('101', [...])
 5 SYSTEMPATH\CodeIgniter.php(927): App\Controllers\MigrateController->index()
 6 SYSTEMPATH\CodeIgniter.php(482): CodeIgniter\CodeIgniter->runController(Object(App\Controllers\MigrateController))
 7 SYSTEMPATH\CodeIgniter.php(351): CodeIgniter\CodeIgniter->handleRequest(null, Object(Config\Cache), false)
 8 FCPATH\index.php(67): CodeIgniter\CodeIgniter->run()
 9 SYSTEMPATH\Commands\Server\rewrite.php(46): require_once('FCPATH\\index.php')
CRITICAL - 2022-12-05 11:27:47 --> The framework needs the following extension(s) installed and loaded: intl.
in SYSTEMPATH\CodeIgniter.php on line 224.
 1 SYSTEMPATH\CodeIgniter.php(224): CodeIgniter\Exceptions\FrameworkException::forMissingExtension('intl')
 2 SYSTEMPATH\CodeIgniter.php(182): CodeIgniter\CodeIgniter->resolvePlatformExtensions()
 3 ROOTPATH\spark(83): CodeIgniter\CodeIgniter->initialize()
CRITICAL - 2022-12-05 04:37:10 --> Undefined array key 0
in APPPATH\Controllers\MigrateController.php on line 38.
 1 APPPATH\Controllers\MigrateController.php(38): CodeIgniter\Debug\Exceptions->errorHandler(2, 'Undefined array key 0', 'APPPATH\\Controllers\\MigrateController.php', 38)
 2 SYSTEMPATH\CodeIgniter.php(927): App\Controllers\MigrateController->index()
 3 SYSTEMPATH\CodeIgniter.php(482): CodeIgniter\CodeIgniter->runController(Object(App\Controllers\MigrateController))
 4 SYSTEMPATH\CodeIgniter.php(351): CodeIgniter\CodeIgniter->handleRequest(null, Object(Config\Cache), false)
 5 FCPATH\index.php(67): CodeIgniter\CodeIgniter->run()
 6 SYSTEMPATH\Commands\Server\rewrite.php(46): require_once('FCPATH\\index.php')
CRITICAL - 2022-12-05 04:39:48 --> syntax error, unexpected token ")"
in APPPATH\Controllers\MigrateController.php on line 42.
 1 SYSTEMPATH\Autoloader\Autoloader.php(259): CodeIgniter\Autoloader\Autoloader->includeFile('APPPATH\\Controllers\\MigrateController.php')
 2 SYSTEMPATH\Autoloader\Autoloader.php(237): CodeIgniter\Autoloader\Autoloader->loadInNamespace('App\\Controllers\\MigrateController')
 3 [internal function]: CodeIgniter\Autoloader\Autoloader->loadClass('App\\Controllers\\MigrateController')
 4 SYSTEMPATH\CodeIgniter.php(877): class_exists('\\App\\Controllers\\MigrateController', true)
 5 SYSTEMPATH\CodeIgniter.php(469): CodeIgniter\CodeIgniter->startController()
 6 SYSTEMPATH\CodeIgniter.php(351): CodeIgniter\CodeIgniter->handleRequest(null, Object(Config\Cache), false)
 7 FCPATH\index.php(67): CodeIgniter\CodeIgniter->run()
 8 SYSTEMPATH\Commands\Server\rewrite.php(46): require_once('FCPATH\\index.php')
CRITICAL - 2022-12-05 04:44:33 --> Cannot access offset of type string on string
in APPPATH\Controllers\MigrateController.php on line 30.
 1 SYSTEMPATH\CodeIgniter.php(927): App\Controllers\MigrateController->index()
 2 SYSTEMPATH\CodeIgniter.php(482): CodeIgniter\CodeIgniter->runController(Object(App\Controllers\MigrateController))
 3 SYSTEMPATH\CodeIgniter.php(351): CodeIgniter\CodeIgniter->handleRequest(null, Object(Config\Cache), false)
 4 FCPATH\index.php(67): CodeIgniter\CodeIgniter->run()
 5 SYSTEMPATH\Commands\Server\rewrite.php(46): require_once('FCPATH\\index.php')
CRITICAL - 2022-12-05 04:45:38 --> Cannot access offset of type string on string
in APPPATH\Controllers\MigrateController.php on line 30.
 1 SYSTEMPATH\CodeIgniter.php(927): App\Controllers\MigrateController->index()
 2 SYSTEMPATH\CodeIgniter.php(482): CodeIgniter\CodeIgniter->runController(Object(App\Controllers\MigrateController))
 3 SYSTEMPATH\CodeIgniter.php(351): CodeIgniter\CodeIgniter->handleRequest(null, Object(Config\Cache), false)
 4 FCPATH\index.php(67): CodeIgniter\CodeIgniter->run()
 5 SYSTEMPATH\Commands\Server\rewrite.php(46): require_once('FCPATH\\index.php')
CRITICAL - 2022-12-05 04:45:49 --> Cannot access offset of type string on string
in APPPATH\Controllers\MigrateController.php on line 31.
 1 SYSTEMPATH\CodeIgniter.php(927): App\Controllers\MigrateController->index()
 2 SYSTEMPATH\CodeIgniter.php(482): CodeIgniter\CodeIgniter->runController(Object(App\Controllers\MigrateController))
 3 SYSTEMPATH\CodeIgniter.php(351): CodeIgniter\CodeIgniter->handleRequest(null, Object(Config\Cache), false)
 4 FCPATH\index.php(67): CodeIgniter\CodeIgniter->run()
 5 SYSTEMPATH\Commands\Server\rewrite.php(46): require_once('FCPATH\\index.php')
CRITICAL - 2022-12-05 04:46:01 --> Cannot access offset of type string on string
in APPPATH\Controllers\MigrateController.php on line 30.
 1 SYSTEMPATH\CodeIgniter.php(927): App\Controllers\MigrateController->index()
 2 SYSTEMPATH\CodeIgniter.php(482): CodeIgniter\CodeIgniter->runController(Object(App\Controllers\MigrateController))
 3 SYSTEMPATH\CodeIgniter.php(351): CodeIgniter\CodeIgniter->handleRequest(null, Object(Config\Cache), false)
 4 FCPATH\index.php(67): CodeIgniter\CodeIgniter->run()
 5 SYSTEMPATH\Commands\Server\rewrite.php(46): require_once('FCPATH\\index.php')
CRITICAL - 2022-12-05 04:47:14 --> Undefined array key 0
in APPPATH\Controllers\MigrateController.php on line 37.
 1 APPPATH\Controllers\MigrateController.php(37): CodeIgniter\Debug\Exceptions->errorHandler(2, 'Undefined array key 0', 'APPPATH\\Controllers\\MigrateController.php', 37)
 2 SYSTEMPATH\CodeIgniter.php(927): App\Controllers\MigrateController->index()
 3 SYSTEMPATH\CodeIgniter.php(482): CodeIgniter\CodeIgniter->runController(Object(App\Controllers\MigrateController))
 4 SYSTEMPATH\CodeIgniter.php(351): CodeIgniter\CodeIgniter->handleRequest(null, Object(Config\Cache), false)
 5 FCPATH\index.php(67): CodeIgniter\CodeIgniter->run()
 6 SYSTEMPATH\Commands\Server\rewrite.php(46): require_once('FCPATH\\index.php')
CRITICAL - 2022-12-05 04:47:40 --> Undefined array key 0
in APPPATH\Controllers\MigrateController.php on line 37.
 1 APPPATH\Controllers\MigrateController.php(37): CodeIgniter\Debug\Exceptions->errorHandler(2, 'Undefined array key 0', 'APPPATH\\Controllers\\MigrateController.php', 37)
 2 SYSTEMPATH\CodeIgniter.php(927): App\Controllers\MigrateController->index()
 3 SYSTEMPATH\CodeIgniter.php(482): CodeIgniter\CodeIgniter->runController(Object(App\Controllers\MigrateController))
 4 SYSTEMPATH\CodeIgniter.php(351): CodeIgniter\CodeIgniter->handleRequest(null, Object(Config\Cache), false)
 5 FCPATH\index.php(67): CodeIgniter\CodeIgniter->run()
 6 SYSTEMPATH\Commands\Server\rewrite.php(46): require_once('FCPATH\\index.php')
ERROR - 2022-12-05 23:47:57 --> Error connecting to the database: mysqli_sql_exception: No connection could be made because the target machine actively refused it in C:\Users\Admin\Desktop\asm-migrations\system\Database\MySQLi\Connection.php:171
Stack trace:
#0 C:\Users\Admin\Desktop\asm-migrations\system\Database\MySQLi\Connection.php(171): mysqli->real_connect('localhost', 'root', '', 'asmita_migratio...', 3306, '', 0)
#1 C:\Users\Admin\Desktop\asm-migrations\system\Database\BaseConnection.php(382): CodeIgniter\Database\MySQLi\Connection->connect(false)
#2 C:\Users\Admin\Desktop\asm-migrations\system\Database\BaseConnection.php(561): CodeIgniter\Database\BaseConnection->initialize()
#3 C:\Users\Admin\Desktop\asm-migrations\system\Database\BaseBuilder.php(1585): CodeIgniter\Database\BaseConnection->query('SELECT *\nFROM `...', Array, false)
#4 C:\Users\Admin\Desktop\asm-migrations\system\Model.php(223): CodeIgniter\Database\BaseBuilder->get()
#5 C:\Users\Admin\Desktop\asm-migrations\system\BaseModel.php(585): CodeIgniter\Model->doFindAll(1000, 5000)
#6 C:\Users\Admin\Desktop\asm-migrations\app\Controllers\MigrateController.php(26): CodeIgniter\BaseModel->findAll(1000, 5000)
#7 C:\Users\Admin\Desktop\asm-migrations\system\CodeIgniter.php(927): App\Controllers\MigrateController->index()
#8 C:\Users\Admin\Desktop\asm-migrations\system\CodeIgniter.php(482): CodeIgniter\CodeIgniter->runController(Object(App\Controllers\MigrateController))
#9 C:\Users\Admin\Desktop\asm-migrations\system\CodeIgniter.php(351): CodeIgniter\CodeIgniter->handleRequest(NULL, Object(Config\Cache), false)
#10 C:\Users\Admin\Desktop\asm-migrations\public\index.php(67): CodeIgniter\CodeIgniter->run()
#11 C:\Users\Admin\Desktop\asm-migrations\system\Commands\Server\rewrite.php(46): require_once('C:\\Users\\Admin\\...')
#12 {main}

Next CodeIgniter\Database\Exceptions\DatabaseException: No connection could be made because the target machine actively refused it in C:\Users\Admin\Desktop\asm-migrations\system\Database\MySQLi\Connection.php:215
Stack trace:
#0 C:\Users\Admin\Desktop\asm-migrations\system\Database\BaseConnection.php(382): CodeIgniter\Database\MySQLi\Connection->connect(false)
#1 C:\Users\Admin\Desktop\asm-migrations\system\Database\BaseConnection.php(561): CodeIgniter\Database\BaseConnection->initialize()
#2 C:\Users\Admin\Desktop\asm-migrations\system\Database\BaseBuilder.php(1585): CodeIgniter\Database\BaseConnection->query('SELECT *\nFROM `...', Array, false)
#3 C:\Users\Admin\Desktop\asm-migrations\system\Model.php(223): CodeIgniter\Database\BaseBuilder->get()
#4 C:\Users\Admin\Desktop\asm-migrations\system\BaseModel.php(585): CodeIgniter\Model->doFindAll(1000, 5000)
#5 C:\Users\Admin\Desktop\asm-migrations\app\Controllers\MigrateController.php(26): CodeIgniter\BaseModel->findAll(1000, 5000)
#6 C:\Users\Admin\Desktop\asm-migrations\system\CodeIgniter.php(927): App\Controllers\MigrateController->index()
#7 C:\Users\Admin\Desktop\asm-migrations\system\CodeIgniter.php(482): CodeIgniter\CodeIgniter->runController(Object(App\Controllers\MigrateController))
#8 C:\Users\Admin\Desktop\asm-migrations\system\CodeIgniter.php(351): CodeIgniter\CodeIgniter->handleRequest(NULL, Object(Config\Cache), false)
#9 C:\Users\Admin\Desktop\asm-migrations\public\index.php(67): CodeIgniter\CodeIgniter->run()
#10 C:\Users\Admin\Desktop\asm-migrations\system\Commands\Server\rewrite.php(46): require_once('C:\\Users\\Admin\\...')
#11 {main}
CRITICAL - 2022-12-05 23:47:57 --> Unable to connect to the database.
Main connection [MySQLi]: No connection could be made because the target machine actively refused it
in SYSTEMPATH\Database\BaseConnection.php on line 418.
 1 SYSTEMPATH\Database\BaseConnection.php(561): CodeIgniter\Database\BaseConnection->initialize()
 2 SYSTEMPATH\Database\BaseBuilder.php(1585): CodeIgniter\Database\BaseConnection->query('SELECT *
FROM `shg_profile`
 LIMIT 5000, 1000', [], false)
 3 SYSTEMPATH\Model.php(223): CodeIgniter\Database\BaseBuilder->get()
 4 SYSTEMPATH\BaseModel.php(585): CodeIgniter\Model->doFindAll(1000, 5000)
 5 APPPATH\Controllers\MigrateController.php(26): CodeIgniter\BaseModel->findAll(1000, 5000)
 6 SYSTEMPATH\CodeIgniter.php(927): App\Controllers\MigrateController->index()
 7 SYSTEMPATH\CodeIgniter.php(482): CodeIgniter\CodeIgniter->runController(Object(App\Controllers\MigrateController))
 8 SYSTEMPATH\CodeIgniter.php(351): CodeIgniter\CodeIgniter->handleRequest(null, Object(Config\Cache), false)
 9 FCPATH\index.php(67): CodeIgniter\CodeIgniter->run()
10 SYSTEMPATH\Commands\Server\rewrite.php(46): require_once('FCPATH\\index.php')
